# JRE version: OpenJDK Runtime Environment (11.0.10) (build 11.0.10+0-b96-7249189)
# Java VM: OpenJDK 64-Bit Server VM (11.0.10+0-b96-7249189, mixed mode, tiered, compressed oops, g1 gc, windows-amd64)
Heap:
 garbage-first heap   total 129024K, used 102358K [0x00000000a0000000, 0x0000000100000000)
  region size 1024K, 14 young (14336K), 2 survivors (2048K)
 Metaspace       used 86179K, capacity 88811K, committed 89088K, reserved 1126400K
  class space    used 11317K, capacity 12237K, committed 12288K, reserved 1048576K
GC Heap History (20 events):
Event: 114.434 GC heap before
{Heap before GC invocations=19 (full 0):
 garbage-first heap   total 129024K, used 104290K [0x00000000a0000000, 0x0000000100000000)
  region size 1024K, 39 young (39936K), 5 survivors (5120K)
 Metaspace       used 71361K, capacity 73309K, committed 73344K, reserved 1112064K
  class space    used 9182K, capacity 9836K, committed 9856K, reserved 1048576K
}
Event: 114.465 GC heap after
{Heap after GC invocations=20 (full 0):
 garbage-first heap   total 129024K, used 71706K [0x00000000a0000000, 0x0000000100000000)
  region size 1024K, 3 young (3072K), 3 survivors (3072K)
 Metaspace       used 71361K, capacity 73309K, committed 73344K, reserved 1112064K
  class space    used 9182K, capacity 9836K, committed 9856K, reserved 1048576K
}
Event: 116.000 GC heap before
{Heap before GC invocations=21 (full 0):
 garbage-first heap   total 129024K, used 105498K [0x00000000a0000000, 0x0000000100000000)
  region size 1024K, 36 young (36864K), 3 survivors (3072K)
 Metaspace       used 72853K, capacity 74786K, committed 74880K, reserved 1114112K
  class space    used 9411K, capacity 10093K, committed 10112K, reserved 1048576K
}
Event: 116.014 GC heap after
{Heap after GC invocations=22 (full 0):
 garbage-first heap   total 129024K, used 74752K [0x00000000a0000000, 0x0000000100000000)
  region size 1024K, 5 young (5120K), 5 survivors (5120K)
 Metaspace       used 72853K, capacity 74786K, committed 74880K, reserved 1114112K
  class space    used 9411K, capacity 10093K, committed 10112K, reserved 1048576K
}
Event: 118.248 GC heap before
{Heap before GC invocations=22 (full 0):
 garbage-first heap   total 129024K, used 106496K [0x00000000a0000000, 0x0000000100000000)
  region size 1024K, 36 young (36864K), 5 survivors (5120K)
 Metaspace       used 74093K, capacity 76084K, committed 76160K, reserved 1116160K
  class space    used 9601K, capacity 10368K, committed 10368K, reserved 1048576K
}
Event: 118.284 GC heap after
{Heap after GC invocations=23 (full 0):
 garbage-first heap   total 129024K, used 77691K [0x00000000a0000000, 0x0000000100000000)
  region size 1024K, 3 young (3072K), 3 survivors (3072K)
 Metaspace       used 74093K, capacity 76084K, committed 76160K, reserved 1116160K
  class space    used 9601K, capacity 10368K, committed 10368K, reserved 1048576K
}
Event: 125.223 GC heap before
{Heap before GC invocations=24 (full 0):
 garbage-first heap   total 129024K, used 107387K [0x00000000a0000000, 0x0000000100000000)
  region size 1024K, 32 young (32768K), 3 survivors (3072K)
 Metaspace       used 75896K, capacity 78100K, committed 78336K, reserved 1116160K
  class space    used 9885K, capacity 10711K, committed 10752K, reserved 1048576K
}
Event: 125.252 GC heap after
{Heap after GC invocations=25 (full 0):
 garbage-first heap   total 129024K, used 81278K [0x00000000a0000000, 0x0000000100000000)
  region size 1024K, 4 young (4096K), 4 survivors (4096K)
 Metaspace       used 75896K, capacity 78100K, committed 78336K, reserved 1116160K
  class space    used 9885K, capacity 10711K, committed 10752K, reserved 1048576K
}
Event: 128.937 GC heap before
{Heap before GC invocations=25 (full 0):
 garbage-first heap   total 129024K, used 106878K [0x00000000a0000000, 0x0000000100000000)
  region size 1024K, 30 young (30720K), 4 survivors (4096K)
 Metaspace       used 77915K, capacity 80210K, committed 80384K, reserved 1118208K
  class space    used 10152K, capacity 11002K, committed 11008K, reserved 1048576K
}
Event: 128.985 GC heap after
{Heap after GC invocations=26 (full 0):
 garbage-first heap   total 129024K, used 83610K [0x00000000a0000000, 0x0000000100000000)
  region size 1024K, 3 young (3072K), 3 survivors (3072K)
 Metaspace       used 77915K, capacity 80210K, committed 80384K, reserved 1118208K
  class space    used 10152K, capacity 11002K, committed 11008K, reserved 1048576K
}
Event: 131.606 GC heap before
{Heap before GC invocations=27 (full 0):
 garbage-first heap   total 129024K, used 108186K [0x00000000a0000000, 0x0000000100000000)
  region size 1024K, 27 young (27648K), 3 survivors (3072K)
 Metaspace       used 80237K, capacity 82553K, committed 82816K, reserved 1120256K
  class space    used 10516K, capacity 11332K, committed 11392K, reserved 1048576K
}
Event: 131.620 GC heap after
{Heap after GC invocations=28 (full 0):
 garbage-first heap   total 129024K, used 84401K [0x00000000a0000000, 0x0000000100000000)
  region size 1024K, 3 young (3072K), 3 survivors (3072K)
 Metaspace       used 80237K, capacity 82553K, committed 82816K, reserved 1120256K
  class space    used 10516K, capacity 11332K, committed 11392K, reserved 1048576K
}
Event: 135.787 GC heap before
{Heap before GC invocations=28 (full 0):
 garbage-first heap   total 129024K, used 108977K [0x00000000a0000000, 0x0000000100000000)
  region size 1024K, 27 young (27648K), 3 survivors (3072K)
 Metaspace       used 82958K, capacity 85323K, committed 85504K, reserved 1122304K
  class space    used 10825K, capacity 11684K, committed 11776K, reserved 1048576K
}
Event: 135.813 GC heap after
{Heap after GC invocations=29 (full 0):
 garbage-first heap   total 129024K, used 86540K [0x00000000a0000000, 0x0000000100000000)
  region size 1024K, 4 young (4096K), 4 survivors (4096K)
 Metaspace       used 82958K, capacity 85323K, committed 85504K, reserved 1122304K
  class space    used 10825K, capacity 11684K, committed 11776K, reserved 1048576K
}
Event: 138.451 GC heap before
{Heap before GC invocations=30 (full 0):
 garbage-first heap   total 129024K, used 109068K [0x00000000a0000000, 0x0000000100000000)
  region size 1024K, 26 young (26624K), 4 survivors (4096K)
 Metaspace       used 84124K, capacity 86573K, committed 86656K, reserved 1124352K
  class space    used 10984K, capacity 11899K, committed 11904K, reserved 1048576K
}
Event: 138.484 GC heap after
{Heap after GC invocations=31 (full 0):
 garbage-first heap   total 129024K, used 89152K [0x00000000a0000000, 0x0000000100000000)
  region size 1024K, 3 young (3072K), 3 survivors (3072K)
 Metaspace       used 84124K, capacity 86573K, committed 86656K, reserved 1124352K
  class space    used 10984K, capacity 11899K, committed 11904K, reserved 1048576K
}
Event: 142.005 GC heap before
{Heap before GC invocations=31 (full 0):
 garbage-first heap   total 129024K, used 108608K [0x00000000a0000000, 0x0000000100000000)
  region size 1024K, 23 young (23552K), 3 survivors (3072K)
 Metaspace       used 85256K, capacity 87713K, committed 87936K, reserved 1124352K
  class space    used 11172K, capacity 12063K, committed 12160K, reserved 1048576K
}
Event: 142.049 GC heap after
{Heap after GC invocations=32 (full 0):
 garbage-first heap   total 129024K, used 91170K [0x00000000a0000000, 0x0000000100000000)
  region size 1024K, 2 young (2048K), 2 survivors (2048K)
 Metaspace       used 85256K, capacity 87713K, committed 87936K, reserved 1124352K
  class space    used 11172K, capacity 12063K, committed 12160K, reserved 1048576K
}
Event: 149.262 GC heap before
{Heap before GC invocations=33 (full 0):
 garbage-first heap   total 129024K, used 109602K [0x00000000a0000000, 0x0000000100000000)
  region size 1024K, 20 young (20480K), 2 survivors (2048K)
 Metaspace       used 85525K, capacity 88025K, committed 88192K, reserved 1126400K
  class space    used 11212K, capacity 12120K, committed 12160K, reserved 1048576K
}
Event: 149.285 GC heap after
{Heap after GC invocations=34 (full 0):
 garbage-first heap   total 129024K, used 92118K [0x00000000a0000000, 0x0000000100000000)
  region size 1024K, 2 young (2048K), 2 survivors (2048K)
 Metaspace       used 85525K, capacity 88025K, committed 88192K, reserved 1126400K
  class space    used 11212K, capacity 12120K, committed 12160K, reserved 1048576K
}

